<?xml version="1.0" encoding="UTF-8"?>
<!-- Generated by org.testng.reporters.JUnitReportReporter -->
<testsuite skipped="0" hostname="DESKTOP-D7PUHMF" name="seleniumPrograms.BrokenLinkConcept" tests="1" failures="0" timestamp="05 Oct 2018 05:03:19 GMT" time="208.617" errors="0">
  <testcase name="verifyBrokenLinks" time="208.617" classname="seleniumPrograms.BrokenLinkConcept"/>
</testsuite> <!-- seleniumPrograms.BrokenLinkConcept -->
