<?xml version="1.0" encoding="UTF-8"?>
<!-- Generated by org.testng.reporters.JUnitReportReporter -->
<testsuite skipped="0" hostname="DESKTOP-D7PUHMF" name="seleniumPrograms.MyFluentWait" tests="1" failures="0" timestamp="28 Oct 2018 13:56:35 GMT" time="12.114" errors="0">
  <testcase name="fluentWaitCheck" time="12.114" classname="seleniumPrograms.MyFluentWait"/>
</testsuite> <!-- seleniumPrograms.MyFluentWait -->
