<?xml version="1.0" encoding="UTF-8"?>
<!-- Generated by org.testng.reporters.JUnitReportReporter -->
<testsuite skipped="0" hostname="DESKTOP-D7PUHMF" name="seleniumPrograms.ParalleBrowserHandlingUsingTestNG" tests="3" failures="0" timestamp="21 Nov 2018 10:23:01 GMT" time="119.994" errors="0">
  <testcase name="openAndCloseBrowser" time="49.569" classname="seleniumPrograms.ParalleBrowserHandlingUsingTestNG"/>
  <testcase name="openAndCloseBrowser" time="28.791" classname="seleniumPrograms.ParalleBrowserHandlingUsingTestNG"/>
  <testcase name="openAndCloseBrowser" time="41.634" classname="seleniumPrograms.ParalleBrowserHandlingUsingTestNG"/>
</testsuite> <!-- seleniumPrograms.ParalleBrowserHandlingUsingTestNG -->
