<?xml version="1.0" encoding="UTF-8"?>
<!-- Generated by org.testng.reporters.JUnitReportReporter -->
<testsuite skipped="2" hostname="DESKTOP-D7PUHMF" name="seleniumPrograms.AutoIT" tests="3" failures="0" timestamp="29 Oct 2018 03:03:37 GMT" time="14.759" errors="0">
  <testcase name="fluentWaitCheckWithChrome" time="14.759" classname="seleniumPrograms.AutoIT"/>
  <testcase name="fluentWaitCheckWithFF" classname="seleniumPrograms.AutoIT">
    <skipped/>
  </testcase> <!-- fluentWaitCheckWithFF -->
  <testcase name="fluentWaitCheckWithInternetExplorerAndEdge" classname="seleniumPrograms.AutoIT">
    <skipped/>
  </testcase> <!-- fluentWaitCheckWithInternetExplorerAndEdge -->
</testsuite> <!-- seleniumPrograms.AutoIT -->
