<?xml version="1.0" encoding="UTF-8"?>
<!-- Generated by org.testng.reporters.JUnitReportReporter -->
<testsuite skipped="1" hostname="DESKTOP-D7PUHMF" name="seleniumPrograms.CookieHandlingConcept" tests="2" failures="0" timestamp="01 Oct 2018 17:17:49 GMT" time="26.478" errors="0">
  <testcase name="setCookie" time="26.478" classname="seleniumPrograms.CookieHandlingConcept"/>
  <testcase name="getCookie" classname="seleniumPrograms.CookieHandlingConcept">
    <skipped/>
  </testcase> <!-- getCookie -->
</testsuite> <!-- seleniumPrograms.CookieHandlingConcept -->
