<?xml version="1.0" encoding="UTF-8"?>
<!-- Generated by org.testng.reporters.JUnitReportReporter -->
<testsuite skipped="0" hostname="DESKTOP-D7PUHMF" name="seleniumPrograms.Udemy_Exercise1" tests="1" failures="0" timestamp="09 Jan 2019 01:45:44 GMT" time="17.312" errors="0">
  <testcase name="checkBoxTest" time="17.312" classname="seleniumPrograms.Udemy_Exercise1"/>
</testsuite> <!-- seleniumPrograms.Udemy_Exercise1 -->
