<?xml version="1.0" encoding="UTF-8"?>
<!-- Generated by org.testng.reporters.JUnitReportReporter -->
<testsuite skipped="0" hostname="DESKTOP-D7PUHMF" name="seleniumPrograms.Exercise1" tests="1" failures="0" timestamp="02 Jan 2019 14:12:30 GMT" time="14.935" errors="0">
  <testcase name="findTotalNumberOfCheckBoxes" time="14.935" classname="seleniumPrograms.Exercise1"/>
</testsuite> <!-- seleniumPrograms.Exercise1 -->
