<?xml version="1.0" encoding="UTF-8"?>
<!-- Generated by org.testng.reporters.JUnitReportReporter -->
<testsuite skipped="0" hostname="DESKTOP-D7PUHMF" name="seleniumPrograms.CookieHandlingConcept" tests="1" failures="0" timestamp="01 Oct 2018 16:35:57 GMT" time="37.599" errors="0">
  <testcase name="getCookie" time="37.599" classname="seleniumPrograms.CookieHandlingConcept"/>
</testsuite> <!-- seleniumPrograms.CookieHandlingConcept -->
