<?xml version="1.0" encoding="UTF-8"?>
<!-- Generated by org.testng.reporters.JUnitReportReporter -->
<testsuite skipped="0" hostname="DESKTOP-D7PUHMF" name="seleniumPrograms.Exercise1" tests="1" failures="0" timestamp="02 Jan 2019 14:26:45 GMT" time="16.380" errors="0">
  <testcase name="clearTripAssignment_Udemy" time="16.380" classname="seleniumPrograms.Exercise1"/>
</testsuite> <!-- seleniumPrograms.Exercise1 -->
