<?xml version="1.0" encoding="UTF-8"?>
<!-- Generated by org.testng.reporters.JUnitReportReporter -->
<testsuite skipped="0" hostname="DESKTOP-D7PUHMF" name="javaPrograms.RunFailedTestCases" tests="1" failures="0" timestamp="21 Nov 2018 09:39:30 GMT" time="40.150" errors="0">
  <testcase name="testNGRunnerForFailedTests" time="40.150" classname="javaPrograms.RunFailedTestCases"/>
</testsuite> <!-- javaPrograms.RunFailedTestCases -->
