<?xml version="1.0" encoding="UTF-8"?>
<!-- Generated by org.testng.reporters.JUnitReportReporter -->
<testsuite skipped="0" hostname="DESKTOP-D7PUHMF" name="seleniumPrograms.CookieHandlingConcept2" tests="1" failures="0" timestamp="18 Nov 2018 15:40:11 GMT" time="31.894" errors="0">
  <testcase name="storeAndLoadCookieInBrowser" time="31.894" classname="seleniumPrograms.CookieHandlingConcept2"/>
</testsuite> <!-- seleniumPrograms.CookieHandlingConcept2 -->
