<?xml version="1.0" encoding="UTF-8"?>
<!-- Generated by org.testng.reporters.JUnitReportReporter -->
<testsuite skipped="0" hostname="DESKTOP-D7PUHMF" name="seleniumPrograms.BrokenLinkConcept" tests="1" failures="0" timestamp="07 Oct 2018 10:18:29 GMT" time="182.259" errors="0">
  <testcase name="verifyBrokenLinks" time="182.259" classname="seleniumPrograms.BrokenLinkConcept"/>
</testsuite> <!-- seleniumPrograms.BrokenLinkConcept -->
