<?xml version="1.0" encoding="UTF-8"?>
<!-- Generated by org.testng.reporters.JUnitReportReporter -->
<testsuite skipped="0" hostname="DESKTOP-D7PUHMF" name="seleniumPrograms.FireFoxHeadlessMode" tests="1" failures="0" timestamp="02 Oct 2018 05:44:40 GMT" time="15.439" errors="0">
  <testcase name="openBrowserInHeadlessMode" time="15.439" classname="seleniumPrograms.FireFoxHeadlessMode"/>
</testsuite> <!-- seleniumPrograms.FireFoxHeadlessMode -->
