<?xml version="1.0" encoding="UTF-8"?>
<!-- Generated by org.testng.reporters.JUnitReportReporter -->
<testsuite skipped="0" hostname="DESKTOP-D7PUHMF" name="seleniumPrograms.GetJSErrorsConcept" tests="2" failures="0" timestamp="14 Nov 2018 03:15:54 GMT" time="24.651" errors="0">
  <testcase name="testMethod" time="11.302" classname="seleniumPrograms.GetJSErrorsConcept"/>
  <testcase name="testMethod" time="13.349" classname="seleniumPrograms.GetJSErrorsConcept"/>
</testsuite> <!-- seleniumPrograms.GetJSErrorsConcept -->
