<?xml version="1.0" encoding="UTF-8"?>
<!-- Generated by org.testng.reporters.JUnitReportReporter -->
<testsuite skipped="0" hostname="DESKTOP-D7PUHMF" name="seleniumPrograms.Exercise1" tests="2" failures="0" timestamp="02 Jan 2019 01:49:00 GMT" time="15.059" errors="0">
  <testcase name="findTotalCheckBoxes" time="7.628" classname="seleniumPrograms.Exercise1"/>
  <testcase name="checkBoxValidation" time="7.431" classname="seleniumPrograms.Exercise1"/>
</testsuite> <!-- seleniumPrograms.Exercise1 -->
