<?xml version="1.0" encoding="UTF-8"?>
<!-- Generated by org.testng.reporters.JUnitReportReporter -->
<testsuite skipped="0" hostname="DESKTOP-D7PUHMF" name="seleniumPrograms.SikuliConcept" tests="1" failures="0" timestamp="28 Nov 2018 06:34:30 GMT" time="24.874" errors="0">
  <testcase name="flashObjectsControl" time="24.874" classname="seleniumPrograms.SikuliConcept"/>
</testsuite> <!-- seleniumPrograms.SikuliConcept -->
