<?xml version="1.0" encoding="UTF-8"?>
<!-- Generated by org.testng.reporters.JUnitReportReporter -->
<testsuite skipped="0" hostname="DESKTOP-D7PUHMF" name="seleniumPrograms.GetJSErrorsConcept" tests="1" failures="0" timestamp="07 Oct 2018 14:01:15 GMT" time="11.425" errors="0">
  <testcase name="testMethod" time="11.425" classname="seleniumPrograms.GetJSErrorsConcept"/>
</testsuite> <!-- seleniumPrograms.GetJSErrorsConcept -->
