<?xml version="1.0" encoding="UTF-8"?>
<!-- Generated by org.testng.reporters.JUnitReportReporter -->
<testsuite skipped="3" hostname="DESKTOP-D7PUHMF" name="seleniumPrograms.AcceptSSLCertificates" tests="4" failures="0" timestamp="30 Oct 2018 03:27:51 GMT" time="15.881" errors="0">
  <testcase name="handlingSSLInFF" time="15.881" classname="seleniumPrograms.AcceptSSLCertificates"/>
  <testcase name="handlingSSLInEdge" classname="seleniumPrograms.AcceptSSLCertificates">
    <skipped/>
  </testcase> <!-- handlingSSLInEdge -->
  <testcase name="handlingSSLInIE" classname="seleniumPrograms.AcceptSSLCertificates">
    <skipped/>
  </testcase> <!-- handlingSSLInIE -->
  <testcase name="handlingSSLInChrome" classname="seleniumPrograms.AcceptSSLCertificates">
    <skipped/>
  </testcase> <!-- handlingSSLInChrome -->
</testsuite> <!-- seleniumPrograms.AcceptSSLCertificates -->
