<?xml version="1.0" encoding="UTF-8"?>
<!-- Generated by org.testng.reporters.JUnitReportReporter -->
<testsuite skipped="0" hostname="DESKTOP-D7PUHMF" name="seleniumPrograms.Udemy_Exercise" tests="1" failures="0" timestamp="03 Jan 2019 12:23:43 GMT" time="10.618" errors="0">
  <testcase name="checkBoxTest" time="10.618" classname="seleniumPrograms.Udemy_Exercise"/>
</testsuite> <!-- seleniumPrograms.Udemy_Exercise -->
