<?xml version="1.0" encoding="UTF-8"?>
<!-- Generated by org.testng.reporters.JUnitReportReporter -->
<testsuite skipped="0" hostname="DESKTOP-D7PUHMF" name="seleniumPrograms.CookieHandlingConcept2" tests="1" failures="0" timestamp="04 Nov 2018 14:45:21 GMT" time="33.118" errors="0">
  <testcase name="storeAndLoadCookieInBrowser" time="33.118" classname="seleniumPrograms.CookieHandlingConcept2"/>
</testsuite> <!-- seleniumPrograms.CookieHandlingConcept2 -->
