<?xml version="1.0" encoding="UTF-8"?>
<!-- Generated by org.testng.reporters.JUnitReportReporter -->
<testsuite skipped="0" hostname="DESKTOP-D7PUHMF" name="seleniumPrograms.BarCodeReader" tests="1" failures="0" timestamp="23 Oct 2018 04:15:52 GMT" time="5.169" errors="0">
  <testcase name="readTextInBarCode" time="5.169" classname="seleniumPrograms.BarCodeReader"/>
</testsuite> <!-- seleniumPrograms.BarCodeReader -->
