<?xml version="1.0" encoding="UTF-8"?>
<!-- Generated by org.testng.reporters.JUnitReportReporter -->
<testsuite skipped="0" hostname="DESKTOP-D7PUHMF" name="seleniumPrograms.Udemy_Exercise1" tests="1" failures="0" timestamp="03 Jan 2019 13:00:28 GMT" time="12.431" errors="0">
  <testcase name="checkBoxTest" time="12.431" classname="seleniumPrograms.Udemy_Exercise1"/>
</testsuite> <!-- seleniumPrograms.Udemy_Exercise1 -->
