<?xml version="1.0" encoding="UTF-8"?>
<!-- Generated by org.testng.reporters.JUnitReportReporter -->
<testsuite skipped="0" hostname="DESKTOP-D7PUHMF" name="seleniumPrograms.MyFluentWait" tests="1" failures="0" timestamp="29 Oct 2018 03:49:07 GMT" time="14.994" errors="0">
  <testcase name="fluentWaitCheck" time="14.994" classname="seleniumPrograms.MyFluentWait"/>
</testsuite> <!-- seleniumPrograms.MyFluentWait -->
