<?xml version="1.0" encoding="UTF-8"?>
<!-- Generated by org.testng.reporters.JUnitReportReporter -->
<testsuite skipped="0" hostname="DESKTOP-D7PUHMF" name="seleniumPrograms.CricketScoreboard" tests="1" failures="0" timestamp="12 May 2019 09:00:02 GMT" time="15.154" errors="0">
  <testcase name="scoreBoard" time="15.154" classname="seleniumPrograms.CricketScoreboard"/>
</testsuite> <!-- seleniumPrograms.CricketScoreboard -->
