<?xml version="1.0" encoding="UTF-8"?>
<!-- Generated by org.testng.reporters.JUnitReportReporter -->
<testsuite skipped="0" hostname="DESKTOP-D7PUHMF" name="seleniumPrograms.FireFoxHeadlessMode" tests="2" failures="0" timestamp="02 Oct 2018 10:19:31 GMT" time="121.348" errors="0">
  <testcase name="launchEdgeBrowser" time="16.982" classname="seleniumPrograms.FireFoxHeadlessMode"/>
  <testcase name="openFirefoxInHeadlessMode" time="104.366" classname="seleniumPrograms.FireFoxHeadlessMode"/>
</testsuite> <!-- seleniumPrograms.FireFoxHeadlessMode -->
